14:15:44 **** Incremental Build of configuration Debug for project Ultrasonic_sensor ****
make all 
Building file: ../Main.c
Invoking: AVR Compiler
avr-gcc -Wall -g2 -gstabs -O0 -fpack-struct -fshort-enums -ffunction-sections -fdata-sections -std=gnu99 -funsigned-char -funsigned-bitfields -mmcu=atmega32 -DF_CPU=8000000UL -MMD -MP -MF"Main.d" -MT"Main.o" -c -o "Main.o" "../Main.c"
Finished building: ../Main.c
 
Building file: ../Ultrasonic.c
Invoking: AVR Compiler
avr-gcc -Wall -g2 -gstabs -O0 -fpack-struct -fshort-enums -ffunction-sections -fdata-sections -std=gnu99 -funsigned-char -funsigned-bitfields -mmcu=atmega32 -DF_CPU=8000000UL -MMD -MP -MF"Ultrasonic.d" -MT"Ultrasonic.o" -c -o "Ultrasonic.o" "../Ultrasonic.c"
In file included from ../Ultrasonic.c:17:
c:/winavr-20100110/lib/gcc/../../avr/include/util/delay.h:90:3: warning: #warning "Compiler optimizations disabled; functions from <util/delay.h> won't work as designed"
Finished building: ../Ultrasonic.c
 
Building target: Ultrasonic_sensor.elf
Invoking: AVR C Linker
avr-gcc -Wl,-Map,Ultrasonic_sensor.map -mmcu=atmega32 -o "Ultrasonic_sensor.elf"  ./Main.o ./Ultrasonic.o ./gpio.o ./icu.o ./lcd.o   
Finished building target: Ultrasonic_sensor.elf
 
Invoking: AVR Create Extended Listing
avr-objdump -h -S Ultrasonic_sensor.elf  >"Ultrasonic_sensor.lss"
Finished building: Ultrasonic_sensor.lss
 
Invoking: Print Size
avr-size --format=avr --mcu=atmega32 Ultrasonic_sensor.elf
AVR Memory Usage
----------------
Device: atmega32

Program:    9692 bytes (29.6% Full)
(.text + .data + .bootloader)

Data:        287 bytes (14.0% Full)
(.data + .bss + .noinit)


Finished building: sizedummy
 
